<?xml version="1.0" encoding="UTF-8"?>
<testsuite xmlns:xsi="http://www.w3.org/2001/XMLSchema-instance" xsi:noNamespaceSchemaLocation="https://maven.apache.org/surefire/maven-surefire-plugin/xsd/surefire-test-report-3.0.xsd" version="3.0" name="domain.checks.FieldNamingCheckTest" time="0.087" tests="8" errors="0" skipped="0" failures="0">
  <properties>
[...]
</properties>
  <testcase name="testDescriptionIsNotEmpty" classname="domain.checks.FieldNamingCheckTest" time="0.024"/>
  <testcase name="testDetectsBadConstantNaming" classname="domain.checks.FieldNamingCheckTest" time="0.025"/>
  <testcase name="testDetectsBadFieldNaming" classname="domain.checks.FieldNamingCheckTest" time="0.002"/>
  <testcase name="testViolationClassHasMultipleIssues" classname="domain.checks.FieldNamingCheckTest" time="0.002"/>
  <testcase name="testViolationIssuesAreWarnings" classname="domain.checks.FieldNamingCheckTest" time="0.001"/>
  <testcase name="testNoIssuesForGoodNaming" classname="domain.checks.FieldNamingCheckTest" time="0.002"/>
  <testcase name="testIssueLocationIncludesClassName" classname="domain.checks.FieldNamingCheckTest" time="0.002"/>
  <testcase name="testCheckNameIsCorrect" classname="domain.checks.FieldNamingCheckTest" time="0.001"/>
</testsuite>